python train_ablation.py --exp_name trunc_cfg_guided_full_data --truncate cfg_guided --epochs 20

============================================================
消融实验名: trunc_cfg_guided_full_data
模态: all | 融合: cross_attn | 方向: cfg2seq
策略: cfg_guided | 损失: focal
============================================================

Loading weights: 100%|████████████████████████████████████████████████████████████████████████████████████████████| 199/199 [00:00<00:00, 70902.69it/s]
model_size: 127.52 M
Epoch 1/20: 100%|███████████████████████████████████████████████████████████████████████████████████████| 129/129 [01:33<00:00,  1.37it/s, loss=0.0254]

[Epoch 1] Acc: 0.9493 | F1: 0.8033 | Recall: 0.7964
Epoch 2/20: 100%|███████████████████████████████████████████████████████████████████████████████████████| 129/129 [01:33<00:00,  1.37it/s, loss=0.0339]

[Epoch 2] Acc: 0.9708 | F1: 0.8406 | Recall: 0.8314
Epoch 3/20: 100%|████████████████████████████████████████████████████████████████████████████████████████| 129/129 [01:33<00:00,  1.38it/s, loss=0.062]

[Epoch 3] Acc: 0.9766 | F1: 0.8540 | Recall: 0.8579
Epoch 4/20: 100%|█████████████████████████████████████████████████████████████████████████████████████████| 129/129 [01:33<00:00,  1.38it/s, loss=0.14]

[Epoch 4] Acc: 0.9825 | F1: 0.8620 | Recall: 0.8622
Epoch 5/20: 100%|███████████████████████████████████████████████████████████████████████████████████████| 129/129 [01:34<00:00,  1.37it/s, loss=0.0189]

[Epoch 5] Acc: 0.9834 | F1: 0.8637 | Recall: 0.8567
Epoch 6/20: 100%|███████████████████████████████████████████████████████████████████████████████████████| 129/129 [01:33<00:00,  1.37it/s, loss=0.0266]

[Epoch 6] Acc: 0.9834 | F1: 0.9168 | Recall: 0.8891
Epoch 7/20: 100%|███████████████████████████████████████████████████████████████████████████████████████| 129/129 [01:33<00:00,  1.37it/s, loss=0.0335]

[Epoch 7] Acc: 0.9854 | F1: 0.9552 | Recall: 0.9328
Epoch 8/20: 100%|███████████████████████████████████████████████████████████████████████████████████████| 129/129 [01:33<00:00,  1.38it/s, loss=0.0136]

[Epoch 8] Acc: 0.9844 | F1: 0.9184 | Recall: 0.8905
Epoch 9/20: 100%|██████████████████████████████████████████████████████████████████████████████████████| 129/129 [01:33<00:00,  1.37it/s, loss=0.00466]

[Epoch 9] Acc: 0.9844 | F1: 0.9570 | Recall: 0.9358
Epoch 10/20: 100%|██████████████████████████████████████████████████████████████████████████████████████| 129/129 [01:34<00:00,  1.37it/s, loss=0.0147]

[Epoch 10] Acc: 0.9893 | F1: 0.9593 | Recall: 0.9362
Epoch 11/20: 100%|███████████████████████████████████████████████████████████████████████████████████████| 129/129 [01:34<00:00,  1.37it/s, loss=0.025]

[Epoch 11] Acc: 0.9873 | F1: 0.9614 | Recall: 0.9439
Epoch 12/20: 100%|█████████████████████████████████████████████████████████████████████████████████████| 129/129 [01:34<00:00,  1.37it/s, loss=0.00391]

[Epoch 12] Acc: 0.9864 | F1: 0.9588 | Recall: 0.9436
Epoch 13/20: 100%|██████████████████████████████████████████████████████████████████████████████████████| 129/129 [01:34<00:00,  1.37it/s, loss=0.0121]

[Epoch 13] Acc: 0.9834 | F1: 0.9579 | Recall: 0.9418
Epoch 14/20: 100%|█████████████████████████████████████████████████████████████████████████████████████| 129/129 [01:34<00:00,  1.37it/s, loss=0.00213]

[Epoch 14] Acc: 0.9873 | F1: 0.9611 | Recall: 0.9439
Epoch 15/20: 100%|███████████████████████████████████████████████████████████████████████████████████████| 129/129 [01:34<00:00,  1.37it/s, loss=0.195]

[Epoch 15] Acc: 0.9873 | F1: 0.9581 | Recall: 0.9352
Epoch 16/20: 100%|█████████████████████████████████████████████████████████████████████████████████████| 129/129 [01:34<00:00,  1.37it/s, loss=0.00178]

[Epoch 16] Acc: 0.9893 | F1: 0.9634 | Recall: 0.9453
Epoch 17/20: 100%|█████████████████████████████████████████████████████████████████████████████████████| 129/129 [01:34<00:00,  1.37it/s, loss=0.00849]

[Epoch 17] Acc: 0.9912 | F1: 0.9660 | Recall: 0.9470
Epoch 18/20: 100%|█████████████████████████████████████████████████████████████████████████████████████| 129/129 [01:34<00:00,  1.37it/s, loss=0.00741]

[Epoch 18] Acc: 0.9854 | F1: 0.9557 | Recall: 0.9333
Epoch 19/20: 100%|██████████████████████████████████████████████████████████████████████████████████████| 129/129 [01:34<00:00,  1.37it/s, loss=0.0199]

[Epoch 19] Acc: 0.9903 | F1: 0.9638 | Recall: 0.9463
Epoch 20/20: 100%|█████████████████████████████████████████████████████████████████████████████████████| 129/129 [01:34<00:00,  1.37it/s, loss=0.00747]

[Epoch 20] Acc: 0.9893 | F1: 0.9645 | Recall: 0.9453

========================================
在test上测试...
========================================
test:   Acc: 0.9922 | F1: 0.9878 | Recall: 0.9933
exp: trunc_cfg_guided_full_data 结束