./run_all_ablations.sh                                       

============================================================
消融实验名: trunc_head
模态: all | 融合: cross_attn | 方向: cfg2seq
策略: head_only | 损失: focal
============================================================

Loading weights: 100%|████████████████████████████████████████████████████████████████| 199/199 [00:00<00:00, 32653.91it/s]
model_size: 127.52 M
Epoch 1/5: 100%|████████████████████████████████████████████████████████████████| 79/79 [00:19<00:00,  4.13it/s, loss=1.33]

[Epoch 1] Acc: 0.6835 | F1: 0.5907 | Recall: 0.6198
Epoch 2/5: 100%|█████████████████████████████████████████████████████████████████| 79/79 [00:18<00:00,  4.23it/s, loss=0.5]

[Epoch 2] Acc: 0.8734 | F1: 0.7956 | Recall: 0.8059
Epoch 3/5: 100%|███████████████████████████████████████████████████████████████| 79/79 [00:18<00:00,  4.19it/s, loss=0.334]

[Epoch 3] Acc: 0.8861 | F1: 0.8105 | Recall: 0.8198
Epoch 4/5: 100%|███████████████████████████████████████████████████████████████| 79/79 [00:18<00:00,  4.21it/s, loss=0.205]

[Epoch 4] Acc: 0.9114 | F1: 0.8291 | Recall: 0.8444
Epoch 5/5: 100%|███████████████████████████████████████████████████████████████| 79/79 [00:18<00:00,  4.20it/s, loss=0.443]

[Epoch 5] Acc: 0.8987 | F1: 0.8928 | Recall: 0.8840

========================================
在test上测试...
========================================
test:   Acc: 0.8987 | F1: 0.8818 | Recall: 0.8730
exp: trunc_head 结束


============================================================
消融实验名: trunc_entropy
模态: all | 融合: cross_attn | 方向: cfg2seq
策略: entropy | 损失: focal
============================================================

Loading weights: 100%|████████████████████████████████████████████████████████████████| 199/199 [00:00<00:00, 34521.73it/s]
model_size: 127.52 M
Epoch 1/5: 100%|███████████████████████████████████████████████████████████████| 79/79 [00:22<00:00,  3.50it/s, loss=0.676]

[Epoch 1] Acc: 0.7848 | F1: 0.7111 | Recall: 0.7269
Epoch 2/5: 100%|███████████████████████████████████████████████████████████████| 79/79 [00:22<00:00,  3.57it/s, loss=0.328]

[Epoch 2] Acc: 0.8608 | F1: 0.7796 | Recall: 0.7948
Epoch 3/5: 100%|███████████████████████████████████████████████████████████████| 79/79 [00:22<00:00,  3.45it/s, loss=0.138]

[Epoch 3] Acc: 0.9114 | F1: 0.8240 | Recall: 0.8420
Epoch 4/5: 100%|█████████████████████████████████████████████████████████████████| 79/79 [00:22<00:00,  3.54it/s, loss=0.2]

[Epoch 4] Acc: 0.9241 | F1: 0.9123 | Recall: 0.9049
Epoch 5/5: 100%|███████████████████████████████████████████████████████████████| 79/79 [00:22<00:00,  3.58it/s, loss=0.372]

[Epoch 5] Acc: 0.9241 | F1: 0.9135 | Recall: 0.9049

========================================
在test上测试...
========================================
test:   Acc: 0.8734 | F1: 0.8564 | Recall: 0.8556
exp: trunc_entropy 结束


============================================================
消融实验名: trunc_cfg_guided
模态: all | 融合: cross_attn | 方向: cfg2seq
策略: cfg_guided | 损失: focal
============================================================

Loading weights: 100%|████████████████████████████████████████████████████████████████| 199/199 [00:00<00:00, 35009.71it/s]
model_size: 127.52 M
Epoch 1/5: 100%|█████████████████████████████████████████████████████████████████| 79/79 [00:18<00:00,  4.16it/s, loss=1.2]

[Epoch 1] Acc: 0.6329 | F1: 0.5785 | Recall: 0.6052
Epoch 2/5: 100%|███████████████████████████████████████████████████████████████| 79/79 [00:18<00:00,  4.21it/s, loss=0.703]

[Epoch 2] Acc: 0.8228 | F1: 0.7535 | Recall: 0.7586
Epoch 3/5: 100%|████████████████████████████████████████████████████████████████| 79/79 [00:18<00:00,  4.19it/s, loss=0.29]

[Epoch 3] Acc: 0.9241 | F1: 0.8433 | Recall: 0.8556
Epoch 4/5: 100%|███████████████████████████████████████████████████████████████| 79/79 [00:18<00:00,  4.21it/s, loss=0.217]

[Epoch 4] Acc: 0.9241 | F1: 0.8790 | Recall: 0.8802
Epoch 5/5: 100%|███████████████████████████████████████████████████████████████| 79/79 [00:18<00:00,  4.22it/s, loss=0.538]

[Epoch 5] Acc: 0.9367 | F1: 0.9269 | Recall: 0.9185

========================================
在test上测试...
========================================
test:   Acc: 0.9241 | F1: 0.9034 | Recall: 0.8952
exp: trunc_cfg_guided 结束


============================================================
消融实验名: mod_cfg_only
模态: cfg_only | 融合: cross_attn | 方向: cfg2seq
策略: entropy | 损失: focal
============================================================

Loading weights: 100%|████████████████████████████████████████████████████████████████| 199/199 [00:00<00:00, 33322.68it/s]
model_size: 127.32 M
Epoch 1/5: 100%|████████████████████████████████████████████████████████████████| 79/79 [00:10<00:00,  7.39it/s, loss=1.91]

[Epoch 1] Acc: 0.1139 | F1: 0.0456 | Recall: 0.1358
Epoch 2/5: 100%|████████████████████████████████████████████████████████████████| 79/79 [00:10<00:00,  7.51it/s, loss=1.91]

[Epoch 2] Acc: 0.1139 | F1: 0.0442 | Recall: 0.1099
Epoch 3/5: 100%|████████████████████████████████████████████████████████████████| 79/79 [00:10<00:00,  7.58it/s, loss=1.45]

[Epoch 3] Acc: 0.1519 | F1: 0.0791 | Recall: 0.1444
Epoch 4/5: 100%|████████████████████████████████████████████████████████████████| 79/79 [00:10<00:00,  7.47it/s, loss=1.46]

[Epoch 4] Acc: 0.1646 | F1: 0.0863 | Recall: 0.1556
Epoch 5/5: 100%|████████████████████████████████████████████████████████████████| 79/79 [00:10<00:00,  7.47it/s, loss=1.78]

[Epoch 5] Acc: 0.2405 | F1: 0.1830 | Recall: 0.2250

========================================
在test上测试...
========================================
test:   Acc: 0.2278 | F1: 0.1592 | Recall: 0.2123
exp: mod_cfg_only 结束


============================================================
消融实验名: mod_opc_only
模态: opcode_only | 融合: cross_attn | 方向: cfg2seq
策略: entropy | 损失: focal
============================================================

Loading weights: 100%|████████████████████████████████████████████████████████████████| 199/199 [00:00<00:00, 28951.32it/s]
model_size: 127.32 M
Epoch 1/5: 100%|███████████████████████████████████████████████████████████████| 79/79 [00:22<00:00,  3.57it/s, loss=0.604]

[Epoch 1] Acc: 0.7975 | F1: 0.7190 | Recall: 0.7380
Epoch 2/5: 100%|███████████████████████████████████████████████████████████████| 79/79 [00:21<00:00,  3.67it/s, loss=0.376]

[Epoch 2] Acc: 0.9114 | F1: 0.8245 | Recall: 0.8420
Epoch 3/5: 100%|███████████████████████████████████████████████████████████████| 79/79 [00:21<00:00,  3.66it/s, loss=0.331]

[Epoch 3] Acc: 0.9241 | F1: 0.8356 | Recall: 0.8531
Epoch 4/5: 100%|████████████████████████████████████████████████████████████████| 79/79 [00:22<00:00,  3.58it/s, loss=0.28]

[Epoch 4] Acc: 0.9494 | F1: 0.9361 | Recall: 0.9272
Epoch 5/5: 100%|███████████████████████████████████████████████████████████████| 79/79 [00:21<00:00,  3.66it/s, loss=0.048]

[Epoch 5] Acc: 0.8987 | F1: 0.8901 | Recall: 0.8827

========================================
在test上测试...
========================================
test:   Acc: 0.9114 | F1: 0.8939 | Recall: 0.8889
exp: mod_opc_only 结束


============================================================
消融实验名: fuse_concat
模态: all | 融合: concat | 方向: cfg2seq
策略: entropy | 损失: focal
============================================================

Loading weights: 100%|████████████████████████████████████████████████████████████████| 199/199 [00:00<00:00, 33540.95it/s]
model_size: 127.52 M
Epoch 1/5: 100%|████████████████████████████████████████████████████████████████| 79/79 [00:22<00:00,  3.53it/s, loss=1.09]

[Epoch 1] Acc: 0.7595 | F1: 0.6909 | Recall: 0.7046
Epoch 2/5: 100%|███████████████████████████████████████████████████████████████| 79/79 [00:21<00:00,  3.61it/s, loss=0.515]

[Epoch 2] Acc: 0.8734 | F1: 0.7903 | Recall: 0.8074
Epoch 3/5: 100%|███████████████████████████████████████████████████████████████| 79/79 [00:22<00:00,  3.56it/s, loss=0.147]

[Epoch 3] Acc: 0.9114 | F1: 0.8250 | Recall: 0.8420
Epoch 4/5: 100%|███████████████████████████████████████████████████████████████| 79/79 [00:22<00:00,  3.56it/s, loss=0.152]

[Epoch 4] Acc: 0.8987 | F1: 0.8190 | Recall: 0.8309
Epoch 5/5: 100%|████████████████████████████████████████████████████████████████| 79/79 [00:21<00:00,  3.61it/s, loss=0.13]

[Epoch 5] Acc: 0.9241 | F1: 0.8821 | Recall: 0.8790

========================================
在test上测试...
========================================
test:   Acc: 0.9114 | F1: 0.8663 | Recall: 0.8722
exp: fuse_concat 结束


============================================================
消融实验名: fuse_dense
模态: all | 融合: dense_concat | 方向: cfg2seq
策略: entropy | 损失: focal
============================================================

Loading weights: 100%|████████████████████████████████████████████████████████████████| 199/199 [00:00<00:00, 33984.79it/s]
model_size: 127.72 M
Epoch 1/5: 100%|████████████████████████████████████████████████████████████████| 79/79 [00:22<00:00,  3.45it/s, loss=1.29]

[Epoch 1] Acc: 0.8101 | F1: 0.7325 | Recall: 0.7503
Epoch 2/5: 100%|████████████████████████████████████████████████████████████████| 79/79 [00:22<00:00,  3.53it/s, loss=0.41]

[Epoch 2] Acc: 0.8734 | F1: 0.7896 | Recall: 0.8074
Epoch 3/5: 100%|████████████████████████████████████████████████████████████████| 79/79 [00:22<00:00,  3.51it/s, loss=0.14]

[Epoch 3] Acc: 0.9241 | F1: 0.8374 | Recall: 0.8531
Epoch 4/5: 100%|███████████████████████████████████████████████████████████████| 79/79 [00:22<00:00,  3.52it/s, loss=0.405]

[Epoch 4] Acc: 0.9241 | F1: 0.8371 | Recall: 0.8556
Epoch 5/5: 100%|███████████████████████████████████████████████████████████████| 79/79 [00:22<00:00,  3.57it/s, loss=0.511]

[Epoch 5] Acc: 0.9114 | F1: 0.8756 | Recall: 0.8679

========================================
在test上测试...
========================================
test:   Acc: 0.8861 | F1: 0.8601 | Recall: 0.8667
exp: fuse_dense 结束


============================================================
消融实验名: fuse_seq2cfg
模态: all | 融合: cross_attn | 方向: seq2cfg
策略: entropy | 损失: focal
============================================================

Loading weights: 100%|████████████████████████████████████████████████████████████████| 199/199 [00:00<00:00, 32579.98it/s]
model_size: 127.52 M
Epoch 1/5: 100%|███████████████████████████████████████████████████████████████| 79/79 [00:22<00:00,  3.49it/s, loss=0.879]

[Epoch 1] Acc: 0.7468 | F1: 0.6929 | Recall: 0.6935
Epoch 2/5: 100%|███████████████████████████████████████████████████████████████| 79/79 [00:22<00:00,  3.57it/s, loss=0.628]

[Epoch 2] Acc: 0.8608 | F1: 0.7827 | Recall: 0.7935
Epoch 3/5: 100%|███████████████████████████████████████████████████████████████| 79/79 [00:21<00:00,  3.60it/s, loss=0.201]

[Epoch 3] Acc: 0.9241 | F1: 0.8357 | Recall: 0.8531
Epoch 4/5: 100%|███████████████████████████████████████████████████████████████| 79/79 [00:21<00:00,  3.59it/s, loss=0.288]

[Epoch 4] Acc: 0.8734 | F1: 0.7924 | Recall: 0.8086
Epoch 5/5: 100%|███████████████████████████████████████████████████████████████| 79/79 [00:21<00:00,  3.65it/s, loss=0.382]

[Epoch 5] Acc: 0.9241 | F1: 0.8362 | Recall: 0.8531

========================================
在test上测试...
========================================
test:   Acc: 0.8861 | F1: 0.8435 | Recall: 0.8500
exp: fuse_seq2cfg 结束

done