/bin/bash: warning: setlocale: LC_ALL: cannot change locale (zh_CN.UTF-8)
========================================================
 🚀 开始自动化黑盒对抗测试 (干净数据 + NOP 注入数据)
========================================================

[+] 测试 0% NOP (干净测试集 test.csv)
--------------------------------------------------------
-> 传统头部截断模型 (trunc_head):

==================================================
[*] 正在加载对抗测试集: /root/autodl-tmp/Kaggle2015/full_data/test.csv
[*] 截断策略: head_only | 模态: all
==================================================
Loading weights: 100%|███████████████████████████████████████████████████████████████████████████████████████████████████████████████████████████████████████████████████████| 199/199 [00:00<00:00, 29409.34it/s]
[+] 成功加载模型权重: ./weights/exp_trunc_head.pth

正在进行推理预测，请稍候...

==================== 对抗攻击测试结果 ====================
测试集: test.csv
使用模型: exp_trunc_head.pth
Accuracy    : 0.9942
Macro-F1    : 0.9899  <--- (把这个数字填进论文)
Macro-Recall: 0.9916
==========================================================


-> 本文多模态模型 (trunc_cfg_guided):

==================================================
[*] 正在加载对抗测试集: /root/autodl-tmp/Kaggle2015/full_data/test.csv
[*] 截断策略: cfg_guided | 模态: all
==================================================
Loading weights: 100%|███████████████████████████████████████████████████████████████████████████████████████████████████████████████████████████████████████████████████████| 199/199 [00:00<00:00, 29129.14it/s]
[+] 成功加载模型权重: ./weights/exp_trunc_cfg_guided.pth

正在进行推理预测，请稍候...

==================== 对抗攻击测试结果 ====================
测试集: test.csv
使用模型: exp_trunc_cfg_guided.pth
Accuracy    : 0.9942
Macro-F1    : 0.9909  <--- (把这个数字填进论文)
Macro-Recall: 0.9950
==========================================================



[+] 测试 10% NOP 注入强度 (test_nop_10.csv)
--------------------------------------------------------
-> 传统头部截断模型 (trunc_head) - 预期会暴跌:

==================================================
[*] 正在加载对抗测试集: /root/autodl-tmp/Kaggle2015/full_data/test_nop_10.csv
[*] 截断策略: head_only | 模态: all
==================================================
Loading weights: 100%|███████████████████████████████████████████████████████████████████████████████████████████████████████████████████████████████████████████████████████| 199/199 [00:00<00:00, 31668.94it/s]
[+] 成功加载模型权重: ./weights/exp_trunc_head.pth

正在进行推理预测，请稍候...

==================== 对抗攻击测试结果 ====================
测试集: test_nop_10.csv
使用模型: exp_trunc_head.pth
Accuracy    : 0.9903
Macro-F1    : 0.9865  <--- (把这个数字填进论文)
Macro-Recall: 0.9851
==========================================================


-> 本文多模态模型 (trunc_cfg_guided) - 预期保持坚挺:

==================================================
[*] 正在加载对抗测试集: /root/autodl-tmp/Kaggle2015/full_data/test_nop_10.csv
[*] 截断策略: cfg_guided | 模态: all
==================================================
Loading weights: 100%|███████████████████████████████████████████████████████████████████████████████████████████████████████████████████████████████████████████████████████| 199/199 [00:00<00:00, 29502.90it/s]
[+] 成功加载模型权重: ./weights/exp_trunc_cfg_guided.pth

正在进行推理预测，请稍候...

==================== 对抗攻击测试结果 ====================
测试集: test_nop_10.csv
使用模型: exp_trunc_cfg_guided.pth
Accuracy    : 0.9942
Macro-F1    : 0.9909  <--- (把这个数字填进论文)
Macro-Recall: 0.9950
==========================================================



[+] 测试 20% NOP 注入强度 (test_nop_20.csv)
--------------------------------------------------------
-> 传统头部截断模型 (trunc_head) - 预期会暴跌:

==================================================
[*] 正在加载对抗测试集: /root/autodl-tmp/Kaggle2015/full_data/test_nop_20.csv
[*] 截断策略: head_only | 模态: all
==================================================
Loading weights: 100%|███████████████████████████████████████████████████████████████████████████████████████████████████████████████████████████████████████████████████████| 199/199 [00:00<00:00, 30787.01it/s]
[+] 成功加载模型权重: ./weights/exp_trunc_head.pth

正在进行推理预测，请稍候...

==================== 对抗攻击测试结果 ====================
测试集: test_nop_20.csv
使用模型: exp_trunc_head.pth
Accuracy    : 0.9786
Macro-F1    : 0.9507  <--- (把这个数字填进论文)
Macro-Recall: 0.9338
==========================================================


-> 本文多模态模型 (trunc_cfg_guided) - 预期保持坚挺:

==================================================
[*] 正在加载对抗测试集: /root/autodl-tmp/Kaggle2015/full_data/test_nop_20.csv
[*] 截断策略: cfg_guided | 模态: all
==================================================
Loading weights: 100%|███████████████████████████████████████████████████████████████████████████████████████████████████████████████████████████████████████████████████████| 199/199 [00:00<00:00, 28847.26it/s]
[+] 成功加载模型权重: ./weights/exp_trunc_cfg_guided.pth

正在进行推理预测，请稍候...

==================== 对抗攻击测试结果 ====================
测试集: test_nop_20.csv
使用模型: exp_trunc_cfg_guided.pth
Accuracy    : 0.9942
Macro-F1    : 0.9909  <--- (把这个数字填进论文)
Macro-Recall: 0.9950
==========================================================



[+] 测试 30% NOP 注入强度 (test_nop_30.csv)
--------------------------------------------------------
-> 传统头部截断模型 (trunc_head) - 预期会暴跌:

==================================================
[*] 正在加载对抗测试集: /root/autodl-tmp/Kaggle2015/full_data/test_nop_30.csv
[*] 截断策略: head_only | 模态: all
==================================================
Loading weights: 100%|███████████████████████████████████████████████████████████████████████████████████████████████████████████████████████████████████████████████████████| 199/199 [00:00<00:00, 27871.46it/s]
[+] 成功加载模型权重: ./weights/exp_trunc_head.pth

正在进行推理预测，请稍候...

==================== 对抗攻击测试结果 ====================
测试集: test_nop_30.csv
使用模型: exp_trunc_head.pth
Accuracy    : 0.9649
Macro-F1    : 0.9366  <--- (把这个数字填进论文)
Macro-Recall: 0.9189
==========================================================


-> 本文多模态模型 (trunc_cfg_guided) - 预期保持坚挺:

==================================================
[*] 正在加载对抗测试集: /root/autodl-tmp/Kaggle2015/full_data/test_nop_30.csv
[*] 截断策略: cfg_guided | 模态: all
==================================================
Loading weights: 100%|███████████████████████████████████████████████████████████████████████████████████████████████████████████████████████████████████████████████████████| 199/199 [00:00<00:00, 28419.02it/s]
[+] 成功加载模型权重: ./weights/exp_trunc_cfg_guided.pth

正在进行推理预测，请稍候...

==================== 对抗攻击测试结果 ====================
测试集: test_nop_30.csv
使用模型: exp_trunc_cfg_guided.pth
Accuracy    : 0.9942
Macro-F1    : 0.9909  <--- (把这个数字填进论文)
Macro-Recall: 0.9950
==========================================================


========================================================
 [√] 所有梯度强度的对抗测试运行完毕！
 请收集上述终端输出的 Macro-F1 数据，绘制折线图填入论文。
========================================================``
